<?xml version="1.0" encoding="UTF-8"?>
<!-- Generated by org.testng.reporters.JUnitReportReporter -->
<testsuite hostname="DESKTOP-CNL31VB" name="admin.admin.TestRunner" tests="1" failures="0" timestamp="2 Oct 2017 19:08:49 GMT" time="2.835" errors="0">
  <testcase name="feature" time="2.835" classname="admin.admin.TestRunner"/>
</testsuite> <!-- admin.admin.TestRunner -->
