<?xml version="1.0" encoding="UTF-8"?>
<!-- Generated by org.testng.reporters.JUnitReportReporter -->
<testsuite hostname="DESKTOP-CNL31VB" name="admin.admin.App" tests="1" failures="0" timestamp="2 Oct 2017 19:08:49 GMT" time="0.001" errors="0">
  <testcase name="testng" time="0.001" classname="admin.admin.App"/>
</testsuite> <!-- admin.admin.App -->
