<?xml version="1.0" encoding="UTF-8"?>
<!-- Generated by org.testng.reporters.JUnitReportReporter -->
<testsuite hostname="DESKTOP-CNL31VB" name="admin.admin.App" tests="1" failures="0" timestamp="2 Oct 2017 17:31:08 GMT" time="0.006" errors="0">
  <testcase name="testng" time="0.006" classname="admin.admin.App"/>
</testsuite> <!-- admin.admin.App -->
